c:\users\ionut\documents\visual studio 2015\projects\amongus\amongus\debug\vc140.pdb
c:\users\ionut\documents\visual studio 2015\projects\amongus\amongus\debug\vc140.idb
c:\users\ionut\documents\visual studio 2015\projects\amongus\amongus\debug\amongus.obj
c:\users\ionut\documents\visual studio 2015\projects\amongus\amongus\debug\guicon.obj
c:\users\ionut\documents\visual studio 2015\projects\amongus\amongus\debug\stdafx.obj
c:\users\ionut\documents\visual studio 2015\projects\amongus\amongus\debug\dllmain.obj
c:\users\ionut\documents\visual studio 2015\projects\amongus\amongus\debug\sigscandll.obj
c:\users\ionut\documents\visual studio 2015\projects\amongus\amongus\debug\creatwth.obj
c:\users\ionut\documents\visual studio 2015\projects\amongus\amongus\debug\detours.obj
c:\users\ionut\documents\visual studio 2015\projects\amongus\amongus\debug\disasm.obj
c:\users\ionut\documents\visual studio 2015\projects\amongus\amongus\debug\disolarm.obj
c:\users\ionut\documents\visual studio 2015\projects\amongus\amongus\debug\disolarm64.obj
c:\users\ionut\documents\visual studio 2015\projects\amongus\amongus\debug\disolia64.obj
c:\users\ionut\documents\visual studio 2015\projects\amongus\amongus\debug\disolx64.obj
c:\users\ionut\documents\visual studio 2015\projects\amongus\amongus\debug\disolx86.obj
c:\users\ionut\documents\visual studio 2015\projects\amongus\amongus\debug\image.obj
c:\users\ionut\documents\visual studio 2015\projects\amongus\amongus\debug\modules.obj
c:\users\ionut\documents\visual studio 2015\projects\amongus\debug\amongus.ilk
c:\users\ionut\documents\visual studio 2015\projects\amongus\debug\amongus.dll
c:\users\ionut\documents\visual studio 2015\projects\amongus\debug\amongus.pdb
c:\users\ionut\documents\visual studio 2015\projects\amongus\amongus\debug\amongus.tlog\cl.command.1.tlog
c:\users\ionut\documents\visual studio 2015\projects\amongus\amongus\debug\amongus.tlog\cl.read.1.tlog
c:\users\ionut\documents\visual studio 2015\projects\amongus\amongus\debug\amongus.tlog\cl.write.1.tlog
c:\users\ionut\documents\visual studio 2015\projects\amongus\amongus\debug\amongus.tlog\link.command.1.tlog
c:\users\ionut\documents\visual studio 2015\projects\amongus\amongus\debug\amongus.tlog\link.read.1.tlog
c:\users\ionut\documents\visual studio 2015\projects\amongus\amongus\debug\amongus.tlog\link.write.1.tlog
