  JonutzMemScan.cpp
JonutzMemScan.cpp(65): warning C4018: '<': signed/unsigned mismatch
JonutzMemScan.cpp(64): warning C4101: 'mbi': unreferenced local variable
JonutzMemScan.cpp(95): warning C4018: '<': signed/unsigned mismatch
JonutzMemScan.cpp(124): warning C4018: '<': signed/unsigned mismatch
JonutzMemScan.cpp(161): warning C4018: '<': signed/unsigned mismatch
  dllmain.cpp
dllmain.cpp(81): warning C4018: '<=': signed/unsigned mismatch
dllmain.cpp(145): warning C4800: 'BYTE': forcing value to bool 'true' or 'false' (performance warning)
dllmain.cpp(149): warning C4800: 'BYTE': forcing value to bool 'true' or 'false' (performance warning)
dllmain.cpp(253): warning C4018: '<': signed/unsigned mismatch
dllmain.cpp(531): warning C4018: '<': signed/unsigned mismatch
dllmain.cpp(537): warning C4018: '<': signed/unsigned mismatch
dllmain.cpp(563): warning C4018: '<': signed/unsigned mismatch
dllmain.cpp(580): warning C4018: '<': signed/unsigned mismatch
dllmain.cpp(601): warning C4018: '<': signed/unsigned mismatch
dllmain.cpp(618): warning C4018: '<': signed/unsigned mismatch
dllmain.cpp(639): warning C4018: '<': signed/unsigned mismatch
dllmain.cpp(663): warning C4018: '<': signed/unsigned mismatch
dllmain.cpp(689): warning C4018: '<': signed/unsigned mismatch
dllmain.cpp(691): warning C4018: '<': signed/unsigned mismatch
dllmain.cpp(698): warning C4018: '<': signed/unsigned mismatch
dllmain.cpp(718): warning C4018: '<': signed/unsigned mismatch
dllmain.cpp(720): warning C4018: '<': signed/unsigned mismatch
dllmain.cpp(727): warning C4018: '<': signed/unsigned mismatch
dllmain.cpp(747): warning C4018: '<': signed/unsigned mismatch
dllmain.cpp(749): warning C4018: '<': signed/unsigned mismatch
dllmain.cpp(756): warning C4018: '<': signed/unsigned mismatch
dllmain.cpp(776): warning C4018: '<': signed/unsigned mismatch
dllmain.cpp(778): warning C4018: '<': signed/unsigned mismatch
dllmain.cpp(785): warning C4018: '<': signed/unsigned mismatch
dllmain.cpp(796): warning C4018: '<': signed/unsigned mismatch
dllmain.cpp(815): warning C4018: '<': signed/unsigned mismatch
dllmain.cpp(817): warning C4018: '<': signed/unsigned mismatch
dllmain.cpp(825): warning C4018: '<': signed/unsigned mismatch
dllmain.cpp(850): warning C4018: '<': signed/unsigned mismatch
dllmain.cpp(852): warning C4018: '<': signed/unsigned mismatch
dllmain.cpp(860): warning C4018: '<': signed/unsigned mismatch
dllmain.cpp(874): warning C4018: '<': signed/unsigned mismatch
dllmain.cpp(902): warning C4018: '<': signed/unsigned mismatch
dllmain.cpp(931): warning C4018: '<': signed/unsigned mismatch
dllmain.cpp(933): warning C4018: '<': signed/unsigned mismatch
dllmain.cpp(937): warning C4018: '<': signed/unsigned mismatch
dllmain.cpp(955): warning C4018: '<': signed/unsigned mismatch
dllmain.cpp(971): warning C4996: 'freopen': This function or variable may be unsafe. Consider using freopen_s instead. To disable deprecation, use _CRT_SECURE_NO_WARNINGS. See online help for details.
  C:\Program Files (x86)\Windows Kits\10\Include\10.0.10240.0\ucrt\stdio.h(240): note: see declaration of 'freopen'
dllmain.cpp(972): warning C4996: 'freopen': This function or variable may be unsafe. Consider using freopen_s instead. To disable deprecation, use _CRT_SECURE_NO_WARNINGS. See online help for details.
  C:\Program Files (x86)\Windows Kits\10\Include\10.0.10240.0\ucrt\stdio.h(240): note: see declaration of 'freopen'
  Generating code
  2 of 529 functions ( 0.4%) were compiled, the rest were copied from previous compilation.
    0 functions were new in current compilation
    2 functions had inline decision re-evaluated but remain unchanged
  Finished generating code
  AmongUs.vcxproj -> C:\Users\Ionut\documents\visual studio 2015\Projects\AmongUs\Release\AmongUs.dll
  AmongUs.vcxproj -> C:\Users\Ionut\documents\visual studio 2015\Projects\AmongUs\Release\AmongUs.pdb (Full PDB)
